2025-11-18 12:37:39,364 - ERROR - Failed to login: Message: no such element: Unable to locate element: {"method":"css selector","selector":"[id="passwor"]"}
  (Session info: MicrosoftEdge=142.0.3595.53); For documentation on this error, please visit: https://www.selenium.dev/documentation/webdriver/troubleshooting/errors#nosuchelementexception
Stacktrace:
	GetHandleVerifier [0x0x7ff7120f2685+51877]
	GetHandleVerifier [0x0x7ff7120f26e4+51972]
	GetHandleVerifier [0x0x7ff7122a8c75+1847445]
	(No symbol) [0x0x7ff711eb045b]
	(No symbol) [0x0x7ff711eb071b]
	(No symbol) [0x0x7ff711ef1927]
	(No symbol) [0x0x7ff711ed216f]
	(No symbol) [0x0x7ff711ea667b]
	(No symbol) [0x0x7ff711eef3d2]
	(No symbol) [0x0x7ff711ed1df3]
	(No symbol) [0x0x7ff711ea5b36]
	(No symbol) [0x0x7ff711ea4d80]
	(No symbol) [0x0x7ff711ea5973]
	(No symbol) [0x0x7ff711f6e4a5]
	(No symbol) [0x0x7ff711f6a75d]
	GetHandleVerifier [0x0x7ff71211cec3+226019]
	GetHandleVerifier [0x0x7ff71210c091+156849]
	GetHandleVerifier [0x0x7ff712114589+190889]
	GetHandleVerifier [0x0x7ff7120f97c4+80868]
	GetHandleVerifier [0x0x7ff7120f9913+81203]
	GetHandleVerifier [0x0x7ff7120e7e96+8886]
	BaseThreadInitThunk [0x0x7ff8d7d3e8d7+23]
	RtlUserThreadStart [0x0x7ff8d7f4c53c+44]

2025-11-18 12:43:45,223 - ERROR - Driver couldn't be found
2025-11-18 12:43:49,552 - ERROR - Driver couldn't be found
2025-11-18 12:46:12,006 - ERROR - Couldn't find an element. Check selectors
